<?xml version="1.0" encoding="UTF-8"?>
<testsuite name="stackAndQueue.AppTest" tests="1" skipped="0" failures="0" errors="0" timestamp="2021-04-23T09:18:08" hostname="sabbagh99" time="0.002">
  <properties/>
  <testcase name="testPseudoQueue" classname="stackAndQueue.AppTest" time="0.002"/>
  <system-out><![CDATA[]]></system-out>
  <system-err><![CDATA[]]></system-err>
</testsuite>
