<?xml version="1.0" encoding="UTF-8"?>
<testsuite name="linkedList.AppTest" tests="7" skipped="0" failures="0" errors="0" timestamp="2021-04-11T19:27:14" hostname="sabbagh99" time="0.003">
  <properties/>
  <testcase name="testInsertAfterLast" classname="linkedList.AppTest" time="0.002"/>
  <testcase name="testInsertAfter" classname="linkedList.AppTest" time="0.0"/>
  <testcase name="testIncludes" classname="linkedList.AppTest" time="0.0"/>
  <testcase name="testAppend" classname="linkedList.AppTest" time="0.0"/>
  <testcase name="testInsertBefore" classname="linkedList.AppTest" time="0.0"/>
  <testcase name="testInsert" classname="linkedList.AppTest" time="0.0"/>
  <testcase name="testAppendMulti" classname="linkedList.AppTest" time="0.0"/>
  <system-out><![CDATA[]]></system-out>
  <system-err><![CDATA[]]></system-err>
</testsuite>
