<?xml version="1.0" encoding="UTF-8"?>
<testsuite name="stackAndQueue.AppTest" tests="1" skipped="0" failures="0" errors="0" timestamp="2021-04-19T18:01:08" hostname="sabbagh99" time="0.004">
  <properties/>
  <testcase name="testStackAndQueue" classname="stackAndQueue.AppTest" time="0.004"/>
  <system-out><![CDATA[java.lang.NullPointerException
java.lang.NullPointerException
java.lang.NullPointerException
 front is null
]]></system-out>
  <system-err><![CDATA[]]></system-err>
</testsuite>
