<?xml version="1.0" encoding="UTF-8"?>
<testsuite name="graph.AppTest" tests="1" skipped="0" failures="0" errors="0" timestamp="2021-05-27T03:50:31" hostname="sabbagh99" time="0.006">
  <properties/>
  <testcase name="testGraph" classname="graph.AppTest" time="0.006"/>
  <system-out><![CDATA[1111Graph{nodes=[Node=A], edges=[]}
]]></system-out>
  <system-err><![CDATA[]]></system-err>
</testsuite>
